<?xml version="1.0" encoding="UTF-8"?>
<testng-results skipped="0" failed="0" ignored="0" total="1" passed="1">
  <reporter-output>
  </reporter-output>
  <suite name="Default suite" duration-ms="7523" started-at="2020-06-25T00:53:03 EDT" finished-at="2020-06-25T00:53:11 EDT">
    <groups>
    </groups>
    <test name="Default test" duration-ms="7523" started-at="2020-06-25T00:53:03 EDT" finished-at="2020-06-25T00:53:11 EDT">
      <class name="Methods.Sel_042_TestNG_2">
        <test-method status="PASS" signature="setUp()[pri:0, instance:Methods.Sel_042_TestNG_2@5f282abb]" name="setUp" is-config="true" duration-ms="6377" started-at="2020-06-25T00:53:03 EDT" finished-at="2020-06-25T00:53:10 EDT">
          <reporter-output>
          </reporter-output>
        </test-method> <!-- setUp -->
        <test-method status="PASS" signature="invalidCredentials()[pri:0, instance:Methods.Sel_042_TestNG_2@5f282abb]" name="invalidCredentials" duration-ms="1025" started-at="2020-06-25T00:53:10 EDT" finished-at="2020-06-25T00:53:11 EDT">
          <reporter-output>
          </reporter-output>
        </test-method> <!-- invalidCredentials -->
        <test-method status="PASS" signature="tearDown()[pri:0, instance:Methods.Sel_042_TestNG_2@5f282abb]" name="tearDown" is-config="true" duration-ms="88" started-at="2020-06-25T00:53:11 EDT" finished-at="2020-06-25T00:53:11 EDT">
          <reporter-output>
          </reporter-output>
        </test-method> <!-- tearDown -->
      </class> <!-- Methods.Sel_042_TestNG_2 -->
    </test> <!-- Default test -->
  </suite> <!-- Default suite -->
</testng-results>
